# JRE version: Java(TM) SE Runtime Environment (9.0+11) (build 9.0.4+11)
# Java VM: Java HotSpot(TM) 64-Bit Server VM (9.0.4+11, mixed mode, tiered, compressed oops, g1 gc, windows-amd64)
Heap:
 garbage-first heap   total 550912K, used 224739K [0x0000000700000000, 0x00000007001010d0, 0x00000007c0000000)
  region size 1024K, 60 young (61440K), 2 survivors (2048K)
 Metaspace       used 115566K, capacity 118733K, committed 126800K, reserved 1157120K
  class space    used 17289K, capacity 17890K, committed 19580K, reserved 1048576K
GC Heap History (10 events):
Event: 6024.931 GC heap before
{Heap before GC invocations=1080 (full 13):
 garbage-first heap   total 550912K, used 226159K [0x0000000700000000, 0x00000007001010d0, 0x00000007c0000000)
  region size 1024K, 60 young (61440K), 1 survivors (1024K)
 Metaspace       used 115508K, capacity 118727K, committed 126800K, reserved 1157120K
  class space    used 17286K, capacity 17889K, committed 19580K, reserved 1048576K
}
Event: 6024.936 GC heap after
{Heap after GC invocations=1081 (full 13):
 garbage-first heap   total 550912K, used 165992K [0x0000000700000000, 0x00000007001010d0, 0x00000007c0000000)
  region size 1024K, 1 young (1024K), 1 survivors (1024K)
 Metaspace       used 115508K, capacity 118727K, committed 126800K, reserved 1157120K
  class space    used 17286K, capacity 17889K, committed 19580K, reserved 1048576K
}
Event: 6025.184 GC heap before
{Heap before GC invocations=1081 (full 13):
 garbage-first heap   total 550912K, used 226408K [0x0000000700000000, 0x00000007001010d0, 0x00000007c0000000)
  region size 1024K, 60 young (61440K), 1 survivors (1024K)
 Metaspace       used 115512K, capacity 118727K, committed 126800K, reserved 1157120K
  class space    used 17286K, capacity 17889K, committed 19580K, reserved 1048576K
}
Event: 6025.188 GC heap after
{Heap after GC invocations=1082 (full 13):
 garbage-first heap   total 550912K, used 166161K [0x0000000700000000, 0x00000007001010d0, 0x00000007c0000000)
  region size 1024K, 1 young (1024K), 1 survivors (1024K)
 Metaspace       used 115512K, capacity 118727K, committed 126800K, reserved 1157120K
  class space    used 17286K, capacity 17889K, committed 19580K, reserved 1048576K
}
Event: 6026.816 GC heap before
{Heap before GC invocations=1082 (full 13):
 garbage-first heap   total 550912K, used 226577K [0x0000000700000000, 0x00000007001010d0, 0x00000007c0000000)
  region size 1024K, 60 young (61440K), 1 survivors (1024K)
 Metaspace       used 115518K, capacity 118727K, committed 126800K, reserved 1157120K
  class space    used 17287K, capacity 17889K, committed 19580K, reserved 1048576K
}
Event: 6026.821 GC heap after
{Heap after GC invocations=1083 (full 13):
 garbage-first heap   total 550912K, used 166364K [0x0000000700000000, 0x00000007001010d0, 0x00000007c0000000)
  region size 1024K, 2 young (2048K), 2 survivors (2048K)
 Metaspace       used 115518K, capacity 118727K, committed 126800K, reserved 1157120K
  class space    used 17287K, capacity 17889K, committed 19580K, reserved 1048576K
}
Event: 6027.943 GC heap before
{Heap before GC invocations=1083 (full 13):
 garbage-first heap   total 550912K, used 225756K [0x0000000700000000, 0x00000007001010d0, 0x00000007c0000000)
  region size 1024K, 60 young (61440K), 2 survivors (2048K)
 Metaspace       used 115522K, capacity 118727K, committed 126800K, reserved 1157120K
  class space    used 17287K, capacity 17889K, committed 19580K, reserved 1048576K
}
Event: 6027.948 GC heap after
{Heap after GC invocations=1084 (full 13):
 garbage-first heap   total 550912K, used 166450K [0x0000000700000000, 0x00000007001010d0, 0x00000007c0000000)
  region size 1024K, 2 young (2048K), 2 survivors (2048K)
 Metaspace       used 115522K, capacity 118727K, committed 126800K, reserved 1157120K
  class space    used 17287K, capacity 17889K, committed 19580K, reserved 1048576K
}
Event: 6028.205 GC heap before
{Heap before GC invocations=1084 (full 13):
 garbage-first heap   total 550912K, used 225842K [0x0000000700000000, 0x00000007001010d0, 0x00000007c0000000)
  region size 1024K, 60 young (61440K), 2 survivors (2048K)
 Metaspace       used 115522K, capacity 118727K, committed 126800K, reserved 1157120K
  class space    used 17287K, capacity 17889K, committed 19580K, reserved 1048576K
}
Event: 6028.209 GC heap after
{Heap after GC invocations=1085 (full 13):
 garbage-first heap   total 550912K, used 166371K [0x0000000700000000, 0x00000007001010d0, 0x00000007c0000000)
  region size 1024K, 2 young (2048K), 2 survivors (2048K)
 Metaspace       used 115522K, capacity 118727K, committed 126800K, reserved 1157120K
  class space    used 17287K, capacity 17889K, committed 19580K, reserved 1048576K
}

